Job 2351628: Running on node(s) serv-3334
Job 2351628: Started at 2025-12-01 23:32:52+0100
Monitor this job here: http://monitoring.pegasus.kl.dfki.de/d/slurm-job-details/job-details?var-jobid=2351628&from=1764628372000
srun: jobinfo: version v1.0.0
Job 2351628: Running on node(s) serv-3334
Job 2351628: Started at 2025-12-01 23:32:56+0100
Monitor this job here: http://monitoring.pegasus.kl.dfki.de/d/slurm-job-details/job-details?var-jobid=2351628&from=1764628376000
Job 2351628: creating container for /enroot/nvcr.io_nvidia_pytorch_23.12-py3.sqsh
Job 2351628: creating container for /enroot/nvcr.io_nvidia_pytorch_23.12-py3.sqsh took 19.4 seconds
Note: Environment variable`HF_TOKEN` is set and is the current active token independently from the token you've just configured.
/usr/local/lib/python3.10/dist-packages/torchvision/io/image.py:13: UserWarning: Failed to load image Python extension: 'Could not load this library: /usr/local/lib/python3.10/dist-packages/torchvision/image.so'If you don't plan on using image functionality from `torchvision.io`, you can ignore this warning. Otherwise, there might be something wrong with your environment. Did you have `libjpeg` or `libpng` installed before building `torchvision` from source?
  warn(
2025-12-01 23:36:10,567 - INFO - üìÇ Dataset geladen: 3557 Aufgaben
2025-12-01 23:36:10,568 - INFO - üöÄ Starte InternVL3-14B: 3557/3557 Tasks ausstehend
2025-12-01 23:36:10,569 - INFO - üèóÔ∏è Lade InternVL3-14B (14B)
2025-12-01 23:36:10,569 - INFO -    HuggingFace ID: OpenGVLab/InternVL3-14B
2025-12-01 23:36:10,570 - INFO -    4-Bit Quantisierung: False
2025-12-01 23:36:10,571 - INFO -    üì• Lade Tokenizer...
2025-12-01 23:36:11,246 - INFO -    üì• Lade Modell...
`torch_dtype` is deprecated! Use `dtype` instead!
2025-12-01 23:36:11,586 - INFO - vision_select_layer: -1
2025-12-01 23:36:11,587 - INFO - ps_version: v2
2025-12-01 23:36:11,588 - INFO - min_dynamic_patch: 1
2025-12-01 23:36:11,589 - INFO - max_dynamic_patch: 12
2025-12-01 23:36:11,590 - INFO - vision_config is None. Initializing the InternVisionConfig with default values.
2025-12-01 23:36:11,591 - INFO - llm_config is None. Initializing the LlamaConfig config with default values (`LlamaConfig`).
2025-12-01 23:36:11,592 - INFO - vision_select_layer: -1
2025-12-01 23:36:11,592 - INFO - ps_version: v1
2025-12-01 23:36:11,593 - INFO - min_dynamic_patch: 1
2025-12-01 23:36:11,594 - INFO - max_dynamic_patch: 6
A new version of the following files was downloaded from https://huggingface.co/OpenGVLab/InternVL3-14B:
- conversation.py
. Make sure to double-check they do not contain any added malicious code. To avoid downloading new versions of the code file, you can pin a revision.
Encountered exception while importing timm: No module named 'timm'
Traceback (most recent call last):
  File "/netscratch/dhug/studienarbeit_vlm_dfki/src/eval/models/run_internvl3_14b.py", line 523, in <module>
    run_benchmark()
  File "/netscratch/dhug/studienarbeit_vlm_dfki/src/eval/models/run_internvl3_14b.py", line 411, in run_benchmark
    evaluator = VLMEvaluator()
  File "/netscratch/dhug/studienarbeit_vlm_dfki/src/eval/models/run_internvl3_14b.py", line 306, in __init__
    self.model = AutoModel.from_pretrained(MODEL_HF_ID, **load_kwargs).eval()
  File "/usr/local/lib/python3.10/dist-packages/transformers/models/auto/auto_factory.py", line 586, in from_pretrained
    model_class = get_class_from_dynamic_module(
  File "/usr/local/lib/python3.10/dist-packages/transformers/dynamic_module_utils.py", line 604, in get_class_from_dynamic_module
    final_module = get_cached_module_file(
  File "/usr/local/lib/python3.10/dist-packages/transformers/dynamic_module_utils.py", line 467, in get_cached_module_file
    get_cached_module_file(
  File "/usr/local/lib/python3.10/dist-packages/transformers/dynamic_module_utils.py", line 427, in get_cached_module_file
    modules_needed = check_imports(resolved_module_file)
  File "/usr/local/lib/python3.10/dist-packages/transformers/dynamic_module_utils.py", line 260, in check_imports
    raise ImportError(
ImportError: This modeling file requires the following packages that were not found in your environment: timm. Run `pip install timm`
srun: error: serv-3334: task 0: Exited with exit code 1
